<?xml version="1.0" encoding="UTF-8"?>
<testng-results ignored="0" total="4" passed="3" failed="1" skipped="0">
  <reporter-output>
  </reporter-output>
  <suite started-at="2024-10-10T17:08:04 IST" name="Default suite" finished-at="2024-10-10T17:09:32 IST" duration-ms="87538">
    <groups>
    </groups>
    <test started-at="2024-10-10T17:08:04 IST" name="Default test" finished-at="2024-10-10T17:09:32 IST" duration-ms="87538">
      <class name="saucedemo1.sauceselinium">
        <test-method is-config="true" signature="setup()[pri:0, instance:saucedemo1.sauceselinium@4f8969b0]" started-at="2024-10-10T17:08:04 IST" name="setup" finished-at="2024-10-10T17:08:17 IST" duration-ms="13024" status="PASS">
          <reporter-output>
          </reporter-output>
        </test-method> <!-- setup -->
        <test-method signature="filter()[pri:1, instance:saucedemo1.sauceselinium@4f8969b0]" started-at="2024-10-10T17:08:17 IST" name="filter" finished-at="2024-10-10T17:08:20 IST" duration-ms="2127" status="FAIL">
          <exception class="org.openqa.selenium.NoSuchElementException">
            <message>
              <![CDATA[Cannot locate option with value: ZA
For documentation on this error, please visit: https://www.selenium.dev/documentation/webdriver/troubleshooting/errors#no-such-element-exception
Build info: version: '4.23.0', revision: '4df0a231af'
System info: os.name: 'Windows 11', os.arch: 'amd64', os.version: '10.0', java.version: '23'
Driver info: driver.version: unknown]]>
            </message>
            <full-stacktrace>
              <![CDATA[org.openqa.selenium.NoSuchElementException: Cannot locate option with value: ZA
For documentation on this error, please visit: https://www.selenium.dev/documentation/webdriver/troubleshooting/errors#no-such-element-exception
Build info: version: '4.23.0', revision: '4df0a231af'
System info: os.name: 'Windows 11', os.arch: 'amd64', os.version: '10.0', java.version: '23'
Driver info: driver.version: unknown
at org.openqa.selenium.support.ui.Select.findOptionsByValue(Select.java:289)
at org.openqa.selenium.support.ui.Select.selectByValue(Select.java:194)
at saucedemo1.sauceselinium.filter(sauceselinium.java:43)
at java.base/jdk.internal.reflect.DirectMethodHandleAccessor.invoke(DirectMethodHandleAccessor.java:103)
at java.base/java.lang.reflect.Method.invoke(Method.java:580)
at org.testng.internal.invokers.MethodInvocationHelper.invokeMethod(MethodInvocationHelper.java:139)
at org.testng.internal.invokers.TestInvoker.invokeMethod(TestInvoker.java:664)
at org.testng.internal.invokers.TestInvoker.invokeTestMethod(TestInvoker.java:227)
at org.testng.internal.invokers.MethodRunner.runInSequence(MethodRunner.java:50)
at org.testng.internal.invokers.TestInvoker$MethodInvocationAgent.invoke(TestInvoker.java:957)
at org.testng.internal.invokers.TestInvoker.invokeTestMethods(TestInvoker.java:200)
at org.testng.internal.invokers.TestMethodWorker.invokeTestMethods(TestMethodWorker.java:148)
at org.testng.internal.invokers.TestMethodWorker.run(TestMethodWorker.java:128)
at java.base/java.util.ArrayList.forEach(ArrayList.java:1597)
at org.testng.TestRunner.privateRun(TestRunner.java:848)
at org.testng.TestRunner.run(TestRunner.java:621)
at org.testng.SuiteRunner.runTest(SuiteRunner.java:443)
at org.testng.SuiteRunner.runSequentially(SuiteRunner.java:437)
at org.testng.SuiteRunner.privateRun(SuiteRunner.java:397)
at org.testng.SuiteRunner.run(SuiteRunner.java:336)
at org.testng.SuiteRunnerWorker.runSuite(SuiteRunnerWorker.java:52)
at org.testng.SuiteRunnerWorker.run(SuiteRunnerWorker.java:95)
at org.testng.TestNG.runSuitesSequentially(TestNG.java:1280)
at org.testng.TestNG.runSuitesLocally(TestNG.java:1200)
at org.testng.TestNG.runSuites(TestNG.java:1114)
at org.testng.TestNG.run(TestNG.java:1082)
at org.testng.remote.AbstractRemoteTestNG.run(AbstractRemoteTestNG.java:115)
at org.testng.remote.RemoteTestNG.initAndRun(RemoteTestNG.java:293)
at org.testng.remote.RemoteTestNG.main(RemoteTestNG.java:91)
]]>
            </full-stacktrace>
          </exception> <!-- org.openqa.selenium.NoSuchElementException -->
          <reporter-output>
          </reporter-output>
        </test-method> <!-- filter -->
        <test-method is-config="true" signature="teardown()[pri:0, instance:saucedemo1.sauceselinium@4f8969b0]" started-at="2024-10-10T17:08:20 IST" name="teardown" finished-at="2024-10-10T17:08:22 IST" duration-ms="2207" status="PASS">
          <reporter-output>
          </reporter-output>
        </test-method> <!-- teardown -->
        <test-method is-config="true" signature="setup()[pri:0, instance:saucedemo1.sauceselinium@4f8969b0]" started-at="2024-10-10T17:08:22 IST" name="setup" finished-at="2024-10-10T17:08:33 IST" duration-ms="11348" status="PASS">
          <reporter-output>
          </reporter-output>
        </test-method> <!-- setup -->
        <test-method signature="Add_to_Cart()[pri:2, instance:saucedemo1.sauceselinium@4f8969b0]" started-at="2024-10-10T17:08:33 IST" name="Add_to_Cart" finished-at="2024-10-10T17:08:37 IST" duration-ms="4211" status="PASS">
          <reporter-output>
          </reporter-output>
        </test-method> <!-- Add_to_Cart -->
        <test-method is-config="true" signature="teardown()[pri:0, instance:saucedemo1.sauceselinium@4f8969b0]" started-at="2024-10-10T17:08:37 IST" name="teardown" finished-at="2024-10-10T17:08:40 IST" duration-ms="2247" status="PASS">
          <reporter-output>
          </reporter-output>
        </test-method> <!-- teardown -->
        <test-method is-config="true" signature="setup()[pri:0, instance:saucedemo1.sauceselinium@4f8969b0]" started-at="2024-10-10T17:08:40 IST" name="setup" finished-at="2024-10-10T17:08:51 IST" duration-ms="11396" status="PASS">
          <reporter-output>
          </reporter-output>
        </test-method> <!-- setup -->
        <test-method signature="remove_from_cart()[pri:3, instance:saucedemo1.sauceselinium@4f8969b0]" started-at="2024-10-10T17:08:51 IST" name="remove_from_cart" finished-at="2024-10-10T17:08:57 IST" duration-ms="6267" status="PASS">
          <reporter-output>
          </reporter-output>
        </test-method> <!-- remove_from_cart -->
        <test-method is-config="true" signature="teardown()[pri:0, instance:saucedemo1.sauceselinium@4f8969b0]" started-at="2024-10-10T17:08:57 IST" name="teardown" finished-at="2024-10-10T17:09:00 IST" duration-ms="2197" status="PASS">
          <reporter-output>
          </reporter-output>
        </test-method> <!-- teardown -->
        <test-method is-config="true" signature="setup()[pri:0, instance:saucedemo1.sauceselinium@4f8969b0]" started-at="2024-10-10T17:09:00 IST" name="setup" finished-at="2024-10-10T17:09:11 IST" duration-ms="11279" status="PASS">
          <reporter-output>
          </reporter-output>
        </test-method> <!-- setup -->
        <test-method signature="checkout()[pri:4, instance:saucedemo1.sauceselinium@4f8969b0]" started-at="2024-10-10T17:09:11 IST" name="checkout" finished-at="2024-10-10T17:09:30 IST" duration-ms="18863" status="PASS">
          <reporter-output>
          </reporter-output>
        </test-method> <!-- checkout -->
        <test-method is-config="true" signature="teardown()[pri:0, instance:saucedemo1.sauceselinium@4f8969b0]" started-at="2024-10-10T17:09:30 IST" name="teardown" finished-at="2024-10-10T17:09:32 IST" duration-ms="2225" status="PASS">
          <reporter-output>
          </reporter-output>
        </test-method> <!-- teardown -->
      </class> <!-- saucedemo1.sauceselinium -->
    </test> <!-- Default test -->
  </suite> <!-- Default suite -->
</testng-results>
