<?xml version="1.0" encoding="UTF-8"?>
<testng-results ignored="0" total="1" passed="1" failed="0" skipped="0">
  <reporter-output>
  </reporter-output>
  <suite started-at="2024-10-24T14:27:39 IST" name="Default suite" finished-at="2024-10-24T14:27:44 IST" duration-ms="5464">
    <groups>
    </groups>
    <test started-at="2024-10-24T14:27:39 IST" name="Default test" finished-at="2024-10-24T14:27:44 IST" duration-ms="5464">
      <class name="com.testcase.login">
        <test-method is-config="true" signature="setup()[pri:0, instance:com.testcase.login@6c40365c]" started-at="2024-10-24T14:27:39 IST" name="setup" finished-at="2024-10-24T14:27:42 IST" duration-ms="2649" status="PASS">
          <reporter-output>
          </reporter-output>
        </test-method> <!-- setup -->
        <test-method signature="loginapp()[pri:0, instance:com.testcase.login@6c40365c]" started-at="2024-10-24T14:27:42 IST" name="loginapp" finished-at="2024-10-24T14:27:44 IST" duration-ms="2585" status="PASS">
          <reporter-output>
          </reporter-output>
        </test-method> <!-- loginapp -->
        <test-method is-config="true" signature="teardown()[pri:0, instance:com.testcase.login@6c40365c]" started-at="2024-10-24T14:27:44 IST" name="teardown" finished-at="2024-10-24T14:27:44 IST" duration-ms="150" status="PASS">
          <reporter-output>
          </reporter-output>
        </test-method> <!-- teardown -->
      </class> <!-- com.testcase.login -->
    </test> <!-- Default test -->
  </suite> <!-- Default suite -->
</testng-results>
